Arguments: 
  /home/kisb/.nvm/versions/node/v16.13.1/bin/node /usr/local/bin/yarn

PATH: 
  /home/kisb/.nvm/versions/node/v16.13.1/bin:/home/kisb/gems/bin:/home/kisb/.cargo/bin:/home/kisb/.local/bin:/usr/local/sbin:/usr/local/bin:/usr/sbin:/usr/bin:/sbin:/bin:/usr/games:/usr/local/games:/snap/bin:/home/kisb/Android/Sdk/cmdline-tools/latest/bin:/home/kisb/Android/Sdk/platform-tools:/home/kisb/flutter/bin

Yarn version: 
  1.22.15

Node version: 
  16.13.1

Platform: 
  linux x64

Trace: 
  Error: ENOSPC: no space left on device, copyfile '/home/kisb/.cache/yarn/v6/npm-@ant-design-icons-4.7.0-integrity/node_modules/@ant-design/icons/lib/icons/index.js' -> '/home/kisb/Projects/me-report/node_modules/@ant-design/icons/lib/icons/index.js'

npm manifest: 
  {
    "name": "me-report",
    "version": "1.1.0",
    "description": "",
    "license": "BSD-3-Clause",
    "private": true,
    "scripts": {
      "build": "d2-app-scripts build",
      "start": "d2-app-scripts start",
      "test": "d2-app-scripts test",
      "deploy": "d2-app-scripts deploy"
    },
    "devDependencies": {
      "@dhis2/cli-app-scripts": "^8.3.2"
    },
    "dependencies": {
      "@dhis2/app-runtime": "^3.2.8",
      "@dhis2/d2-ui-org-unit-tree": "^7.3.3",
      "@dhis2/ui": "^7.15.0",
      "@material-ui/core": "^4.12.3",
      "@material-ui/icons": "^4.11.2",
      "antd": "^4.18.5",
      "bootstrap": "^5.1.3",
      "lodash": "^4.17.21",
      "mobx": "^6.3.13",
      "mobx-react-lite": "^3.2.3",
      "react-csv": "^2.2.2",
      "sass": "^1.49.7",
      "use-state-with-callback": "^2.0.3"
    }
  }

yarn manifest: 
  No manifest

Lockfile: 
  # THIS IS AN AUTOGENERATED FILE. DO NOT EDIT THIS FILE DIRECTLY.
  # yarn lockfile v1
  
  
  "@ant-design/colors@^6.0.0":
    version "6.0.0"
    resolved "https://registry.npmjs.org/@ant-design/colors/-/colors-6.0.0.tgz"
    integrity sha512-qAZRvPzfdWHtfameEGP2Qvuf838NhergR35o+EuVyB5XvSA98xod5r4utvi4TJ3ywmevm290g9nsCG5MryrdWQ==
    dependencies:
      "@ctrl/tinycolor" "^3.4.0"
  
  "@ant-design/icons-svg@^4.2.1":
    version "4.2.1"
    resolved "https://registry.npmjs.org/@ant-design/icons-svg/-/icons-svg-4.2.1.tgz"
    integrity sha512-EB0iwlKDGpG93hW8f85CTJTs4SvMX7tt5ceupvhALp1IF44SeUFOMhKUOYqpsoYWQKAOuTRDMqn75rEaKDp0Xw==
  
  "@ant-design/icons@^4.7.0":
    version "4.7.0"
    resolved "https://registry.npmjs.org/@ant-design/icons/-/icons-4.7.0.tgz"
    integrity sha512-aoB4Z7JA431rt6d4u+8xcNPPCrdufSRMUOpxa1ab6mz1JCQZOEVolj2WVs/tDFmN62zzK30mNelEsprLYsSF3g==
    dependencies:
      "@ant-design/colors" "^6.0.0"
      "@ant-design/icons-svg" "^4.2.1"
      "@babel/runtime" "^7.11.2"
      classnames "^2.2.6"
      rc-util "^5.9.4"
  
  "@ant-design/react-slick@~0.28.1":
    version "0.28.4"
    resolved "https://registry.npmjs.org/@ant-design/react-slick/-/react-slick-0.28.4.tgz"
    integrity sha512-j9eAHTn7GxbXUFNknJoHS2ceAsqrQi2j8XykjZE1IXCD8kJF+t28EvhBLniDpbOsBk/3kjalnhriTfZcjBHNqg==
    dependencies:
      "@babel/runtime" "^7.10.4"
      classnames "^2.2.5"
      json2mq "^0.2.0"
      lodash "^4.17.21"
      resize-observer-polyfill "^1.5.0"
  
  "@apideck/better-ajv-errors@^0.3.1":
    version "0.3.2"
    resolved "https://registry.npmjs.org/@apideck/better-ajv-errors/-/better-ajv-errors-0.3.2.tgz"
    integrity sha512-JdEazx7qiVqTBzzBl5rolRwl5cmhihjfIcpqRzIZjtT6b18liVmDn/VlWpqW4C/qP2hrFFMLRV1wlex8ZVBPTg==
    dependencies:
      json-schema "^0.4.0"
      jsonpointer "^5.0.0"
      leven "^3.1.0"
  
  "@babel/code-frame@7.10.4":
    version "7.10.4"
    resolved "https://registry.npmjs.org/@babel/code-frame/-/code-frame-7.10.4.tgz"
    integrity sha512-vG6SvB6oYEhvgisZNFRmRCUkLz11c7rp+tbNTynGqc6mS1d5ATd/sGyV6W0KZZnXRKMTzZDRgQT3Ou9jhpAfUg==
    dependencies:
      "@babel/highlight" "^7.10.4"
  
  "@babel/code-frame@7.12.11":
    version "7.12.11"
    resolved "https://registry.npmjs.org/@babel/code-frame/-/code-frame-7.12.11.tgz"
    integrity sha512-Zt1yodBx1UcyiePMSkWnU4hPqhwq7hGi2nFL1LeA3EUl+q2LQx16MISgJ0+z7dnmgvP9QtIleuETGOiOH1RcIw==
    dependencies:
      "@babel/highlight" "^7.10.4"
  
  "@babel/code-frame@^7.0.0", "@babel/code-frame@^7.10.4", "@babel/code-frame@^7.12.13", "@babel/code-frame@^7.16.7", "@babel/code-frame@^7.5.5":
    version "7.16.7"
    resolved "https://registry.npmjs.org/@babel/code-frame/-/code-frame-7.16.7.tgz"
    integrity sha512-iAXqUn8IIeBTNd72xsFlgaXHkMBMt6y4HJp1tIaK465CWLT/fG1aqB7ykr95gHHmlBdGbFeWWfyB4NJJ0nmeIg==
    dependencies:
      "@babel/highlight" "^7.16.7"
  
  "@babel/compat-data@^7.13.11", "@babel/compat-data@^7.16.4", "@babel/compat-data@^7.16.8":
    version "7.16.8"
    resolved "https://registry.npmjs.org/@babel/compat-data/-/compat-data-7.16.8.tgz"
    integrity sha512-m7OkX0IdKLKPpBlJtF561YJal5y/jyI5fNfWbPxh2D/nbzzGI4qRyrD8xO2jB24u7l+5I2a43scCG2IrfjC50Q==
  
  "@babel/core@7.12.3":
    version "7.12.3"
    resolved "https://registry.npmjs.org/@babel/core/-/core-7.12.3.tgz"
    integrity sha512-0qXcZYKZp3/6N2jKYVxZv0aNCsxTSVCiK72DTiTYZAu7sjg73W0/aynWjMbiGd87EQL4WyA8reiJVh92AVla9g==
    dependencies:
      "@babel/code-frame" "^7.10.4"
      "@babel/generator" "^7.12.1"
      "@babel/helper-module-transforms" "^7.12.1"
      "@babel/helpers" "^7.12.1"
      "@babel/parser" "^7.12.3"
      "@babel/template" "^7.10.4"
      "@babel/traverse" "^7.12.1"
      "@babel/types" "^7.12.1"
      convert-source-map "^1.7.0"
      debug "^4.1.0"
      gensync "^1.0.0-beta.1"
      json5 "^2.1.2"
      lodash "^4.17.19"
      resolve "^1.3.2"
      semver "^5.4.1"
      source-map "^0.5.0"
  
  "@babel/core@^7.1.0", "@babel/core@^7.11.1", "@babel/core@^7.12.3", "@babel/core@^7.16.0", "@babel/core@^7.6.2", "@babel/core@^7.7.2", "@babel/core@^7.7.5", "@babel/core@^7.8.0", "@babel/core@^7.8.4":
    version "7.16.12"
    resolved "https://registry.npmjs.org/@babel/core/-/core-7.16.12.tgz"
    integrity sha512-dK5PtG1uiN2ikk++5OzSYsitZKny4wOCD0nrO4TqnW4BVBTQ2NGS3NgilvT/TEyxTST7LNyWV/T4tXDoD3fOgg==
    dependencies:
      "@babel/code-frame" "^7.16.7"
      "@babel/generator" "^7.16.8"
      "@babel/helper-compilation-targets" "^7.16.7"
      "@babel/helper-module-transforms" "^7.16.7"
      "@babel/helpers" "^7.16.7"
      "@babel/parser" "^7.16.12"
      "@babel/template" "^7.16.7"
      "@babel/traverse" "^7.16.10"
      "@babel/types" "^7.16.8"
      convert-source-map "^1.7.0"
      debug "^4.1.0"
      gensync "^1.0.0-beta.2"
      json5 "^2.1.2"
      semver "^6.3.0"
      source-map "^0.5.0"
  
  "@babel/generator@^7.12.1", "@babel/generator@^7.16.8", "@babel/generator@^7.7.2":
    version "7.16.8"
    resolved "https://registry.npmjs.org/@babel/generator/-/generator-7.16.8.tgz"
    integrity sha512-1ojZwE9+lOXzcWdWmO6TbUzDfqLD39CmEhN8+2cX9XkDo5yW1OpgfejfliysR2AWLpMamTiOiAp/mtroaymhpw==
    dependencies:
      "@babel/types" "^7.16.8"
      jsesc "^2.5.1"
      source-map "^0.5.0"
  
  "@babel/helper-annotate-as-pure@^7.16.7":
    version "7.16.7"
    resolved "https://registry.npmjs.org/@babel/helper-annotate-as-pure/-/helper-annotate-as-pure-7.16.7.tgz"
    integrity sha512-s6t2w/IPQVTAET1HitoowRGXooX8mCgtuP5195wD/QJPV6wYjpujCGF7JuMODVX2ZAJOf1GT6DT9MHEZvLOFSw==
    dependencies:
      "@babel/types" "^7.16.7"
  
  "@babel/helper-builder-binary-assignment-operator-visitor@^7.16.7":
    version "7.16.7"
    resolved "https://registry.npmjs.org/@babel/helper-builder-binary-assignment-operator-visitor/-/helper-builder-binary-assignment-operator-visitor-7.16.7.tgz"
    integrity sha512-C6FdbRaxYjwVu/geKW4ZeQ0Q31AftgRcdSnZ5/jsH6BzCJbtvXvhpfkbkThYSuutZA7nCXpPR6AD9zd1dprMkA==
    dependencies:
      "@babel/helper-explode-assignable-expression" "^7.16.7"
      "@babel/types" "^7.16.7"
  
  "@babel/helper-compilation-targets@^7.13.0", "@babel/helper-compilation-targets@^7.16.7":
    version "7.16.7"
    resolved "https://registry.npmjs.org/@babel/helper-compilation-targets/-/helper-compilation-targets-7.16.7.tgz"
    integrity sha512-mGojBwIWcwGD6rfqgRXVlVYmPAv7eOpIemUG3dGnDdCY4Pae70ROij3XmfrH6Fa1h1aiDylpglbZyktfzyo/hA==
    dependencies:
      "@babel/compat-data" "^7.16.4"
      "@babel/helper-validator-option" "^7.16.7"
      browserslist "^4.17.5"
      semver "^6.3.0"
  
  "@babel/helper-create-class-features-plugin@^7.16.10", "@babel/helper-create-class-features-plugin@^7.16.7":
    version "7.16.10"
    resolved "https://registry.npmjs.org/@babel/helper-create-class-features-plugin/-/helper-create-class-features-plugin-7.16.10.tgz"
    integrity sha512-wDeej0pu3WN/ffTxMNCPW5UCiOav8IcLRxSIyp/9+IF2xJUM9h/OYjg0IJLHaL6F8oU8kqMz9nc1vryXhMsgXg==
    dependencies:
      "@babel/helper-annotate-as-pure" "^7.16.7"
      "@babel/helper-environment-visitor" "^7.16.7"
      "@babel/helper-function-name" "^7.16.7"
      "@babel/helper-member-expression-to-functions" "^7.16.7"
      "@babel/helper-optimise-call-expression" "^7.16.7"
      "@babel/helper-replace-supers" "^7.16.7"
      "@babel/helper-split-export-declaration" "^7.16.7"
  
  "@babel/helper-create-regexp-features-plugin@^7.16.7":
    version "7.16.7"
    resolved "https://registry.npmjs.org/@babel/helper-create-regexp-features-plugin/-/helper-create-regexp-features-plugin-7.16.7.tgz"
    integrity sha512-fk5A6ymfp+O5+p2yCkXAu5Kyj6v0xh0RBeNcAkYUMDvvAAoxvSKXn+Jb37t/yWFiQVDFK1ELpUTD8/aLhCPu+g==
    dependencies:
      "@babel/helper-annotate-as-pure" "^7.16.7"
      regexpu-core "^4.7.1"
  
  "@babel/helper-define-polyfill-provider@^0.3.1":
    version "0.3.1"
    resolved "https://registry.npmjs.org/@babel/helper-define-polyfill-provider/-/helper-define-polyfill-provider-0.3.1.tgz"
    integrity sha512-J9hGMpJQmtWmj46B3kBHmL38UhJGhYX7eqkcq+2gsstyYt341HmPeWspihX43yVRA0mS+8GGk2Gckc7bY/HCmA==
    dependencies:
      "@babel/helper-compilation-targets" "^7.13.0"
      "@babel/helper-module-imports" "^7.12.13"
      "@babel/helper-plugin-utils" "^7.13.0"
      "@babel/traverse" "^7.13.0"
      debug "^4.1.1"
      lodash.debounce "^4.0.8"
      resolve "^1.14.2"
      semver "^6.1.2"
  
  "@babel/helper-environment-visitor@^7.16.7":
    version "7.16.7"
    resolved "https://registry.npmjs.org/@babel/helper-environment-visitor/-/helper-environment-visitor-7.16.7.tgz"
    integrity sha512-SLLb0AAn6PkUeAfKJCCOl9e1R53pQlGAfc4y4XuMRZfqeMYLE0dM1LMhqbGAlGQY0lfw5/ohoYWAe9V1yibRag==
    dependencies:
      "@babel/types" "^7.16.7"
  
  "@babel/helper-explode-assignable-expression@^7.16.7":
    version "7.16.7"
    resolved "https://registry.npmjs.org/@babel/helper-explode-assignable-expression/-/helper-explode-assignable-expression-7.16.7.tgz"
    integrity sha512-KyUenhWMC8VrxzkGP0Jizjo4/Zx+1nNZhgocs+gLzyZyB8SHidhoq9KK/8Ato4anhwsivfkBLftky7gvzbZMtQ==
    dependencies:
      "@babel/types" "^7.16.7"
  
  "@babel/helper-function-name@^7.16.7":
    version "7.16.7"
    resolved "https://registry.npmjs.org/@babel/helper-function-name/-/helper-function-name-7.16.7.tgz"
    integrity sha512-QfDfEnIUyyBSR3HtrtGECuZ6DAyCkYFp7GHl75vFtTnn6pjKeK0T1DB5lLkFvBea8MdaiUABx3osbgLyInoejA==
    dependencies:
      "@babel/helper-get-function-arity" "^7.16.7"
      "@babel/template" "^7.16.7"
      "@babel/types" "^7.16.7"
  
  "@babel/helper-get-function-arity@^7.16.7":
    version "7.16.7"
    resolved "https://registry.npmjs.org/@babel/helper-get-function-arity/-/helper-get-function-arity-7.16.7.tgz"
    integrity sha512-flc+RLSOBXzNzVhcLu6ujeHUrD6tANAOU5ojrRx/as+tbzf8+stUCj7+IfRRoAbEZqj/ahXEMsjhOhgeZsrnTw==
    dependencies:
      "@babel/types" "^7.16.7"
  
  "@babel/helper-hoist-variables@^7.16.7":
    version "7.16.7"
    resolved "https://registry.npmjs.org/@babel/helper-hoist-variables/-/helper-hoist-variables-7.16.7.tgz"
    integrity sha512-m04d/0Op34H5v7pbZw6pSKP7weA6lsMvfiIAMeIvkY/R4xQtBSMFEigu9QTZ2qB/9l22vsxtM8a+Q8CzD255fg==
    dependencies:
      "@babel/types" "^7.16.7"
  
  "@babel/helper-member-expression-to-functions@^7.16.7":
    version "7.16.7"
    resolved "https://registry.npmjs.org/@babel/helper-member-expression-to-functions/-/helper-member-expression-to-functions-7.16.7.tgz"
    integrity sha512-VtJ/65tYiU/6AbMTDwyoXGPKHgTsfRarivm+YbB5uAzKUyuPjgZSgAFeG87FCigc7KNHu2Pegh1XIT3lXjvz3Q==
    dependencies:
      "@babel/types" "^7.16.7"
  
  "@babel/helper-module-imports@^7.0.0", "@babel/helper-module-imports@^7.10.4", "@babel/helper-module-imports@^7.12.13", "@babel/helper-module-imports@^7.16.7":
    version "7.16.7"
    resolved "https://registry.npmjs.org/@babel/helper-module-imports/-/helper-module-imports-7.16.7.tgz"
    integrity sha512-LVtS6TqjJHFc+nYeITRo6VLXve70xmq7wPhWTqDJusJEgGmkAACWwMiTNrvfoQo6hEhFwAIixNkvB0jPXDL8Wg==
    dependencies:
      "@babel/types" "^7.16.7"
  
  "@babel/helper-module-transforms@^7.12.1", "@babel/helper-module-transforms@^7.16.7":
    version "7.16.7"
    resolved "https://registry.npmjs.org/@babel/helper-module-transforms/-/helper-module-transforms-7.16.7.tgz"
    integrity sha512-gaqtLDxJEFCeQbYp9aLAefjhkKdjKcdh6DB7jniIGU3Pz52WAmP268zK0VgPz9hUNkMSYeH976K2/Y6yPadpng==
    dependencies:
      "@babel/helper-environment-visitor" "^7.16.7"
      "@babel/helper-module-imports" "^7.16.7"
      "@babel/helper-simple-access" "^7.16.7"
      "@babel/helper-split-export-declaration" "^7.16.7"
      "@babel/helper-validator-identifier" "^7.16.7"
      "@babel/template" "^7.16.7"
      "@babel/traverse" "^7.16.7"
      "@babel/types" "^7.16.7"
  
  "@babel/helper-optimise-call-expression@^7.16.7":
    version "7.16.7"
    resolved "https://registry.npmjs.org/@babel/helper-optimise-call-expression/-/helper-optimise-call-expression-7.16.7.tgz"
    integrity sha512-EtgBhg7rd/JcnpZFXpBy0ze1YRfdm7BnBX4uKMBd3ixa3RGAE002JZB66FJyNH7g0F38U05pXmA5P8cBh7z+1w==
    dependencies:
      "@babel/types" "^7.16.7"
  
  "@babel/helper-plugin-utils@^7.0.0", "@babel/helper-plugin-utils@^7.10.4", "@babel/helper-plugin-utils@^7.12.13", "@babel/helper-plugin-utils@^7.13.0", "@babel/helper-plugin-utils@^7.14.5", "@babel/helper-plugin-utils@^7.16.7", "@babel/helper-plugin-utils@^7.8.0", "@babel/helper-plugin-utils@^7.8.3":
    version "7.16.7"
    resolved "https://registry.npmjs.org/@babel/helper-plugin-utils/-/helper-plugin-utils-7.16.7.tgz"
    integrity sha512-Qg3Nk7ZxpgMrsox6HreY1ZNKdBq7K72tDSliA6dCl5f007jR4ne8iD5UzuNnCJH2xBf2BEEVGr+/OL6Gdp7RxA==
  
  "@babel/helper-remap-async-to-generator@^7.16.8":
    version "7.16.8"
    resolved "https://registry.npmjs.org/@babel/helper-remap-async-to-generator/-/helper-remap-async-to-generator-7.16.8.tgz"
    integrity sha512-fm0gH7Flb8H51LqJHy3HJ3wnE1+qtYR2A99K06ahwrawLdOFsCEWjZOrYricXJHoPSudNKxrMBUPEIPxiIIvBw==
    dependencies:
      "@babel/helper-annotate-as-pure" "^7.16.7"
      "@babel/helper-wrap-function" "^7.16.8"
      "@babel/types" "^7.16.8"
  
  "@babel/helper-replace-supers@^7.16.7":
    version "7.16.7"
    resolved "https://registry.npmjs.org/@babel/helper-replace-supers/-/helper-replace-supers-7.16.7.tgz"
    integrity sha512-y9vsWilTNaVnVh6xiJfABzsNpgDPKev9HnAgz6Gb1p6UUwf9NepdlsV7VXGCftJM+jqD5f7JIEubcpLjZj5dBw==
    dependencies:
      "@babel/helper-environment-visitor" "^7.16.7"
      "@babel/helper-member-expression-to-functions" "^7.16.7"
      "@babel/helper-optimise-call-expression" "^7.16.7"
      "@babel/traverse" "^7.16.7"
      "@babel/types" "^7.16.7"
  
  "@babel/helper-simple-access@^7.16.7":
    version "7.16.7"
    resolved "https://registry.npmjs.org/@babel/helper-simple-access/-/helper-simple-access-7.16.7.tgz"
    integrity sha512-ZIzHVyoeLMvXMN/vok/a4LWRy8G2v205mNP0XOuf9XRLyX5/u9CnVulUtDgUTama3lT+bf/UqucuZjqiGuTS1g==
    dependencies:
      "@babel/types" "^7.16.7"
  
  "@babel/helper-skip-transparent-expression-wrappers@^7.16.0":
    version "7.16.0"
    resolved "https://registry.npmjs.org/@babel/helper-skip-transparent-expression-wrappers/-/helper-skip-transparent-expression-wrappers-7.16.0.tgz"
    integrity sha512-+il1gTy0oHwUsBQZyJvukbB4vPMdcYBrFHa0Uc4AizLxbq6BOYC51Rv4tWocX9BLBDLZ4kc6qUFpQ6HRgL+3zw==
    dependencies:
      "@babel/types" "^7.16.0"
  
  "@babel/helper-split-export-declaration@^7.16.7":
    version "7.16.7"
    resolved "https://registry.npmjs.org/@babel/helper-split-export-declaration/-/helper-split-export-declaration-7.16.7.tgz"
    integrity sha512-xbWoy/PFoxSWazIToT9Sif+jJTlrMcndIsaOKvTA6u7QEo7ilkRZpjew18/W3c7nm8fXdUDXh02VXTbZ0pGDNw==
    dependencies:
      "@babel/types" "^7.16.7"
  
  "@babel/helper-validator-identifier@^7.14.9", "@babel/helper-validator-identifier@^7.16.7":
    version "7.16.7"
    resolved "https://registry.npmjs.org/@babel/helper-validator-identifier/-/helper-validator-identifier-7.16.7.tgz"
    integrity sha512-hsEnFemeiW4D08A5gUAZxLBTXpZ39P+a+DGDsHw1yxqyQ/jzFEnxf5uTEGp+3bzAbNOxU1paTgYS4ECU/IgfDw==
  
  "@babel/helper-validator-option@^7.16.7":
    version "7.16.7"
    resolved "https://registry.npmjs.org/@babel/helper-validator-option/-/helper-validator-option-7.16.7.tgz"
    integrity sha512-TRtenOuRUVo9oIQGPC5G9DgK4743cdxvtOw0weQNpZXaS16SCBi5MNjZF8vba3ETURjZpTbVn7Vvcf2eAwFozQ==
  
  "@babel/helper-wrap-function@^7.16.8":
    version "7.16.8"
    resolved "https://registry.npmjs.org/@babel/helper-wrap-function/-/helper-wrap-function-7.16.8.tgz"
    integrity sha512-8RpyRVIAW1RcDDGTA+GpPAwV22wXCfKOoM9bet6TLkGIFTkRQSkH1nMQ5Yet4MpoXe1ZwHPVtNasc2w0uZMqnw==
    dependencies:
      "@babel/helper-function-name" "^7.16.7"
      "@babel/template" "^7.16.7"
      "@babel/traverse" "^7.16.8"
      "@babel/types" "^7.16.8"
  
  "@babel/helpers@^7.12.1", "@babel/helpers@^7.16.7":
    version "7.16.7"
    resolved "https://registry.npmjs.org/@babel/helpers/-/helpers-7.16.7.tgz"
    integrity sha512-9ZDoqtfY7AuEOt3cxchfii6C7GDyyMBffktR5B2jvWv8u2+efwvpnVKXMWzNehqy68tKgAfSwfdw/lWpthS2bw==
    dependencies:
      "@babel/template" "^7.16.7"
      "@babel/traverse" "^7.16.7"
      "@babel/types" "^7.16.7"
  
  "@babel/highlight@^7.10.4", "@babel/highlight@^7.16.7":
    version "7.16.10"
    resolved "https://registry.npmjs.org/@babel/highlight/-/highlight-7.16.10.tgz"
    integrity sha512-5FnTQLSLswEj6IkgVw5KusNUUFY9ZGqe/TRFnP/BKYHYgfh7tc+C7mwiy95/yNP7Dh9x580Vv8r7u7ZfTBFxdw==
    dependencies:
      "@babel/helper-validator-identifier" "^7.16.7"
      chalk "^2.0.0"
      js-tokens "^4.0.0"
  
  "@babel/parser@^7.1.0", "@babel/parser@^7.12.3", "@babel/parser@^7.14.7", "@babel/parser@^7.16.10", "@babel/parser@^7.16.12", "@babel/parser@^7.16.7", "@babel/parser@^7.7.0":
    version "7.16.12"
    resolved "https://registry.npmjs.org/@babel/parser/-/parser-7.16.12.tgz"
    integrity sha512-VfaV15po8RiZssrkPweyvbGVSe4x2y+aciFCgn0n0/SJMR22cwofRV1mtnJQYcSB1wUTaA/X1LnA3es66MCO5A==
  
  "@babel/plugin-bugfix-safari-id-destructuring-collision-in-function-expression@^7.16.7":
    version "7.16.7"
    resolved "https://registry.npmjs.org/@babel/plugin-bugfix-safari-id-destructuring-collision-in-function-expression/-/plugin-bugfix-safari-id-destructuring-collision-in-function-expression-7.16.7.tgz"
    integrity sha512-anv/DObl7waiGEnC24O9zqL0pSuI9hljihqiDuFHC8d7/bjr/4RLGPWuc8rYOff/QPzbEPSkzG8wGG9aDuhHRg==
    dependencies:
      "@babel/helper-plugin-utils" "^7.16.7"
  
  "@babel/plugin-bugfix-v8-spread-parameters-in-optional-chaining@^7.16.7":
    version "7.16.7"
    resolved "https://registry.npmjs.org/@babel/plugin-bugfix-v8-spread-parameters-in-optional-chaining/-/plugin-bugfix-v8-spread-parameters-in-optional-chaining-7.16.7.tgz"
    integrity sha512-di8vUHRdf+4aJ7ltXhaDbPoszdkh59AQtJM5soLsuHpQJdFQZOA4uGj0V2u/CZ8bJ/u8ULDL5yq6FO/bCXnKHw==
    dependencies:
      "@babel/helper-plugin-utils" "^7.16.7"
      "@babel/helper-skip-transparent-expression-wrappers" "^7.16.0"
      "@babel/plugin-proposal-optional-chaining" "^7.16.7"
  
  "@babel/plugin-proposal-async-generator-functions@^7.16.8":
    version "7.16.8"
    resolved "https://registry.npmjs.org/@babel/plugin-proposal-async-generator-functions/-/plugin-proposal-async-generator-functions-7.16.8.tgz"
    integrity sha512-71YHIvMuiuqWJQkebWJtdhQTfd4Q4mF76q2IX37uZPkG9+olBxsX+rH1vkhFto4UeJZ9dPY2s+mDvhDm1u2BGQ==
    dependencies:
      "@babel/helper-plugin-utils" "^7.16.7"
      "@babel/helper-remap-async-to-generator" "^7.16.8"
      "@babel/plugin-syntax-async-generators" "^7.8.4"
  
  "@babel/plugin-proposal-class-properties@^7.16.0", "@babel/plugin-proposal-class-properties@^7.16.7", "@babel/plugin-proposal-class-properties@^7.8.3":
    version "7.16.7"
    resolved "https://registry.npmjs.org/@babel/plugin-proposal-class-properties/-/plugin-proposal-class-properties-7.16.7.tgz"
    integrity sha512-IobU0Xme31ewjYOShSIqd/ZGM/r/cuOz2z0MDbNrhF5FW+ZVgi0f2lyeoj9KFPDOAqsYxmLWZte1WOwlvY9aww==
    dependencies:
      "@babel/helper-create-class-features-plugin" "^7.16.7"
      "@babel/helper-plugin-utils" "^7.16.7"
  
  "@babel/plugin-proposal-class-static-block@^7.16.7":
    version "7.16.7"
    resolved "https://registry.npmjs.org/@babel/plugin-proposal-class-static-block/-/plugin-proposal-class-static-block-7.16.7.tgz"
    integrity sha512-dgqJJrcZoG/4CkMopzhPJjGxsIe9A8RlkQLnL/Vhhx8AA9ZuaRwGSlscSh42hazc7WSrya/IK7mTeoF0DP9tEw==
    dependencies:
      "@babel/helper-create-class-features-plugin" "^7.16.7"
      "@babel/helper-plugin-utils" "^7.16.7"
      "@babel/plugin-syntax-class-static-block" "^7.14.5"
  
  "@babel/plugin-proposal-decorators@^7.16.4":
    version "7.16.7"
    resolved "https://registry.npmjs.org/@babel/plugin-proposal-decorators/-/plugin-proposal-decorators-7.16.7.tgz"
    integrity sha512-DoEpnuXK14XV9btI1k8tzNGCutMclpj4yru8aXKoHlVmbO1s+2A+g2+h4JhcjrxkFJqzbymnLG6j/niOf3iFXQ==
    dependencies:
      "@babel/helper-create-class-features-plugin" "^7.16.7"
      "@babel/helper-plugin-utils" "^7.16.7"
      "@babel/plugin-syntax-decorators" "^7.16.7"
  
  "@babel/plugin-proposal-dynamic-import@^7.16.7":
    version "7.16.7"
    resolved "https://registry.npmjs.org/@babel/plugin-proposal-dynamic-import/-/plugin-proposal-dynamic-import-7.16.7.tgz"
    integrity sha512-I8SW9Ho3/8DRSdmDdH3gORdyUuYnk1m4cMxUAdu5oy4n3OfN8flDEH+d60iG7dUfi0KkYwSvoalHzzdRzpWHTg==
    dependencies:
      "@babel/helper-plugin-utils" "^7.16.7"
      "@babel/plugin-syntax-dynamic-import" "^7.8.3"
  
  "@babel/plugin-proposal-export-namespace-from@^7.16.7":
    version "7.16.7"
    resolved "https://registry.npmjs.org/@babel/plugin-proposal-export-namespace-from/-/plugin-proposal-export-namespace-from-7.16.7.tgz"
    integrity sha512-ZxdtqDXLRGBL64ocZcs7ovt71L3jhC1RGSyR996svrCi3PYqHNkb3SwPJCs8RIzD86s+WPpt2S73+EHCGO+NUA==
    dependencies:
      "@babel/helper-plugin-utils" "^7.16.7"
      "@babel/plugin-syntax-export-namespace-from" "^7.8.3"
  
  "@babel/plugin-proposal-json-strings@^7.16.7":
    version "7.16.7"
    resolved "https://registry.npmjs.org/@babel/plugin-proposal-json-strings/-/plugin-proposal-json-strings-7.16.7.tgz"
    integrity sha512-lNZ3EEggsGY78JavgbHsK9u5P3pQaW7k4axlgFLYkMd7UBsiNahCITShLjNQschPyjtO6dADrL24757IdhBrsQ==
    dependencies:
      "@babel/helper-plugin-utils" "^7.16.7"
      "@babel/plugin-syntax-json-strings" "^7.8.3"
  
  "@babel/plugin-proposal-logical-assignment-operators@^7.16.7":
    version "7.16.7"
    resolved "https://registry.npmjs.org/@babel/plugin-proposal-logical-assignment-operators/-/plugin-proposal-logical-assignment-operators-7.16.7.tgz"
    integrity sha512-K3XzyZJGQCr00+EtYtrDjmwX7o7PLK6U9bi1nCwkQioRFVUv6dJoxbQjtWVtP+bCPy82bONBKG8NPyQ4+i6yjg==
    dependencies:
      "@babel/helper-plugin-utils" "^7.16.7"
      "@babel/plugin-syntax-logical-assignment-operators" "^7.10.4"
  
  "@babel/plugin-proposal-nullish-coalescing-operator@^7.16.0", "@babel/plugin-proposal-nullish-coalescing-operator@^7.16.7", "@babel/plugin-proposal-nullish-coalescing-operator@^7.8.3":
    version "7.16.7"
    resolved "https://registry.npmjs.org/@babel/plugin-proposal-nullish-coalescing-operator/-/plugin-proposal-nullish-coalescing-operator-7.16.7.tgz"
    integrity sha512-aUOrYU3EVtjf62jQrCj63pYZ7k6vns2h/DQvHPWGmsJRYzWXZ6/AsfgpiRy6XiuIDADhJzP2Q9MwSMKauBQ+UQ==
    dependencies:
      "@babel/helper-plugin-utils" "^7.16.7"
      "@babel/plugin-syntax-nullish-coalescing-operator" "^7.8.3"
  
  "@babel/plugin-proposal-numeric-separator@^7.16.0", "@babel/plugin-proposal-numeric-separator@^7.16.7":
    version "7.16.7"
    resolved "https://registry.npmjs.org/@babel/plugin-proposal-numeric-separator/-/plugin-proposal-numeric-separator-7.16.7.tgz"
    integrity sha512-vQgPMknOIgiuVqbokToyXbkY/OmmjAzr/0lhSIbG/KmnzXPGwW/AdhdKpi+O4X/VkWiWjnkKOBiqJrTaC98VKw==
    dependencies:
      "@babel/helper-plugin-utils" "^7.16.7"
      "@babel/plugin-syntax-numeric-separator" "^7.10.4"
  
  "@babel/plugin-proposal-object-rest-spread@^7.16.7":
    version "7.16.7"
    resolved "https://registry.npmjs.org/@babel/plugin-proposal-object-rest-spread/-/plugin-proposal-object-rest-spread-7.16.7.tgz"
    integrity sha512-3O0Y4+dw94HA86qSg9IHfyPktgR7q3gpNVAeiKQd+8jBKFaU5NQS1Yatgo4wY+UFNuLjvxcSmzcsHqrhgTyBUA==
    dependencies:
      "@babel/compat-data" "^7.16.4"
      "@babel/helper-compilation-targets" "^7.16.7"
      "@babel/helper-plugin-utils" "^7.16.7"
      "@babel/plugin-syntax-object-rest-spread" "^7.8.3"
      "@babel/plugin-transform-parameters" "^7.16.7"
  
  "@babel/plugin-proposal-optional-catch-binding@^7.16.7":
    version "7.16.7"
    resolved "https://registry.npmjs.org/@babel/plugin-proposal-optional-catch-binding/-/plugin-proposal-optional-catch-binding-7.16.7.tgz"
    integrity sha512-eMOH/L4OvWSZAE1VkHbr1vckLG1WUcHGJSLqqQwl2GaUqG6QjddvrOaTUMNYiv77H5IKPMZ9U9P7EaHwvAShfA==
    dependencies:
      "@babel/helper-plugin-utils" "^7.16.7"
      "@babel/plugin-syntax-optional-catch-binding" "^7.8.3"
  
  "@babel/plugin-proposal-optional-chaining@^7.16.0", "@babel/plugin-proposal-optional-chaining@^7.16.7", "@babel/plugin-proposal-optional-chaining@^7.8.3":
    version "7.16.7"
    resolved "https://registry.npmjs.org/@babel/plugin-proposal-optional-chaining/-/plugin-proposal-optional-chaining-7.16.7.tgz"
    integrity sha512-eC3xy+ZrUcBtP7x+sq62Q/HYd674pPTb/77XZMb5wbDPGWIdUbSr4Agr052+zaUPSb+gGRnjxXfKFvx5iMJ+DA==
    dependencies:
      "@babel/helper-plugin-utils" "^7.16.7"
      "@babel/helper-skip-transparent-expression-wrappers" "^7.16.0"
      "@babel/plugin-syntax-optional-chaining" "^7.8.3"
  
  "@babel/plugin-proposal-private-methods@^7.16.0", "@babel/plugin-proposal-private-methods@^7.16.11":
    version "7.16.11"
    resolved "https://registry.npmjs.org/@babel/plugin-proposal-private-methods/-/plugin-proposal-private-methods-7.16.11.tgz"
    integrity sha512-F/2uAkPlXDr8+BHpZvo19w3hLFKge+k75XUprE6jaqKxjGkSYcK+4c+bup5PdW/7W/Rpjwql7FTVEDW+fRAQsw==
    dependencies:
      "@babel/helper-create-class-features-plugin" "^7.16.10"
      "@babel/helper-plugin-utils" "^7.16.7"
  
  "@babel/plugin-proposal-private-property-in-object@^7.16.7":
    version "7.16.7"
    resolved "https://registry.npmjs.org/@babel/plugin-proposal-private-property-in-object/-/plugin-proposal-private-property-in-object-7.16.7.tgz"
    integrity sha512-rMQkjcOFbm+ufe3bTZLyOfsOUOxyvLXZJCTARhJr+8UMSoZmqTe1K1BgkFcrW37rAchWg57yI69ORxiWvUINuQ==
    dependencies:
      "@babel/helper-annotate-as-pure" "^7.16.7"
      "@babel/helper-create-class-features-plugin" "^7.16.7"
      "@babel/helper-plugin-utils" "^7.16.7"
      "@babel/plugin-syntax-private-property-in-object" "^7.14.5"
  
  "@babel/plugin-proposal-unicode-property-regex@^7.16.7", "@babel/plugin-proposal-unicode-property-regex@^7.4.4":
    version "7.16.7"
    resolved "https://registry.npmjs.org/@babel/plugin-proposal-unicode-property-regex/-/plugin-proposal-unicode-property-regex-7.16.7.tgz"
    integrity sha512-QRK0YI/40VLhNVGIjRNAAQkEHws0cswSdFFjpFyt943YmJIU1da9uW63Iu6NFV6CxTZW5eTDCrwZUstBWgp/Rg==
    dependencies:
      "@babel/helper-create-regexp-features-plugin" "^7.16.7"
      "@babel/helper-plugin-utils" "^7.16.7"
  
  "@babel/plugin-syntax-async-generators@^7.8.4":
    version "7.8.4"
    resolved "https://registry.npmjs.org/@babel/plugin-syntax-async-generators/-/plugin-syntax-async-generators-7.8.4.tgz"
    integrity sha512-tycmZxkGfZaxhMRbXlPXuVFpdWlXpir2W4AMhSJgRKzk/eDlIXOhb2LHWoLpDF7TEHylV5zNhykX6KAgHJmTNw==
    dependencies:
      "@babel/helper-plugin-utils" "^7.8.0"
  
  "@babel/plugin-syntax-bigint@^7.8.3":
    version "7.8.3"
    resolved "https://registry.npmjs.org/@babel/plugin-syntax-bigint/-/plugin-syntax-bigint-7.8.3.tgz"
    integrity sha512-wnTnFlG+YxQm3vDxpGE57Pj0srRU4sHE/mDkt1qv2YJJSeUAec2ma4WLUnUPeKjyrfntVwe/N6dCXpU+zL3Npg==
    dependencies:
      "@babel/helper-plugin-utils" "^7.8.0"
  
  "@babel/plugin-syntax-class-properties@^7.12.13", "@babel/plugin-syntax-class-properties@^7.8.3":
    version "7.12.13"
    resolved "https://registry.npmjs.org/@babel/plugin-syntax-class-properties/-/plugin-syntax-class-properties-7.12.13.tgz"
    integrity sha512-fm4idjKla0YahUNgFNLCB0qySdsoPiZP3iQE3rky0mBUtMZ23yDJ9SJdg6dXTSDnulOVqiF3Hgr9nbXvXTQZYA==
    dependencies:
      "@babel/helper-plugin-utils" "^7.12.13"
  
  "@babel/plugin-syntax-class-static-block@^7.14.5":
    version "7.14.5"
    resolved "https://registry.npmjs.org/@babel/plugin-syntax-class-static-block/-/plugin-syntax-class-static-block-7.14.5.tgz"
    integrity sha512-b+YyPmr6ldyNnM6sqYeMWE+bgJcJpO6yS4QD7ymxgH34GBPNDM/THBh8iunyvKIZztiwLH4CJZ0RxTk9emgpjw==
    dependencies:
      "@babel/helper-plugin-utils" "^7.14.5"
  
  "@babel/plugin-syntax-decorators@^7.16.7":
    version "7.16.7"
    resolved "https://registry.npmjs.org/@babel/plugin-syntax-decorators/-/plugin-syntax-decorators-7.16.7.tgz"
    integrity sha512-vQ+PxL+srA7g6Rx6I1e15m55gftknl2X8GCUW1JTlkTaXZLJOS0UcaY0eK9jYT7IYf4awn6qwyghVHLDz1WyMw==
    dependencies:
      "@babel/helper-plugin-utils" "^7.16.7"
  
  "@babel/plugin-syntax-dynamic-import@^7.8.3":
    version "7.8.3"
    resolved "https://registry.npmjs.org/@babel/plugin-syntax-dynamic-import/-/plugin-syntax-dynamic-import-7.8.3.tgz"
    integrity sha512-5gdGbFon+PszYzqs83S3E5mpi7/y/8M9eC90MRTZfduQOYW76ig6SOSPNe41IG5LoP3FGBn2N0RjVDSQiS94kQ==
    dependencies:
      "@babel/helper-plugin-utils" "^7.8.0"
  
  "@babel/plugin-syntax-export-namespace-from@^7.8.3":
    version "7.8.3"
    resolved "https://registry.npmjs.org/@babel/plugin-syntax-export-namespace-from/-/plugin-syntax-export-namespace-from-7.8.3.tgz"
    integrity sha512-MXf5laXo6c1IbEbegDmzGPwGNTsHZmEy6QGznu5Sh2UCWvueywb2ee+CCE4zQiZstxU9BMoQO9i6zUFSY0Kj0Q==
    dependencies:
      "@babel/helper-plugin-utils" "^7.8.3"
  
  "@babel/plugin-syntax-flow@^7.16.7":
    version "7.16.7"
    resolved "https://registry.npmjs.org/@babel/plugin-syntax-flow/-/plugin-syntax-flow-7.16.7.tgz"
    integrity sha512-UDo3YGQO0jH6ytzVwgSLv9i/CzMcUjbKenL67dTrAZPPv6GFAtDhe6jqnvmoKzC/7htNTohhos+onPtDMqJwaQ==
    dependencies:
      "@babel/helper-plugin-utils" "^7.16.7"
  
  "@babel/plugin-syntax-import-meta@^7.8.3":
    version "7.10.4"
    resolved "https://registry.npmjs.org/@babel/plugin-syntax-import-meta/-/plugin-syntax-import-meta-7.10.4.tgz"
    integrity sha512-Yqfm+XDx0+Prh3VSeEQCPU81yC+JWZ2pDPFSS4ZdpfZhp4MkFMaDC1UqseovEKwSUpnIL7+vK+Clp7bfh0iD7g==
    dependencies:
      "@babel/helper-plugin-utils" "^7.10.4"
  
  "@babel/plugin-syntax-json-strings@^7.8.3":
    version "7.8.3"
    resolved "https://registry.npmjs.org/@babel/plugin-syntax-json-strings/-/plugin-syntax-json-strings-7.8.3.tgz"
    integrity sha512-lY6kdGpWHvjoe2vk4WrAapEuBR69EMxZl+RoGRhrFGNYVK8mOPAW8VfbT/ZgrFbXlDNiiaxQnAtgVCZ6jv30EA==
    dependencies:
      "@babel/helper-plugin-utils" "^7.8.0"
  
  "@babel/plugin-syntax-jsx@7.14.5":
    version "7.14.5"
    resolved "https://registry.npmjs.org/@babel/plugin-syntax-jsx/-/plugin-syntax-jsx-7.14.5.tgz"
    integrity sha512-ohuFIsOMXJnbOMRfX7/w7LocdR6R7whhuRD4ax8IipLcLPlZGJKkBxgHp++U4N/vKyU16/YDQr2f5seajD3jIw==
    dependencies:
      "@babel/helper-plugin-utils" "^7.14.5"
  
  "@babel/plugin-syntax-jsx@^7.16.7":
    version "7.16.7"
    resolved "https://registry.npmjs.org/@babel/plugin-syntax-jsx/-/plugin-syntax-jsx-7.16.7.tgz"
    integrity sha512-Esxmk7YjA8QysKeT3VhTXvF6y77f/a91SIs4pWb4H2eWGQkCKFgQaG6hdoEVZtGsrAcb2K5BW66XsOErD4WU3Q==
    dependencies:
      "@babel/helper-plugin-utils" "^7.16.7"
  
  "@babel/plugin-syntax-logical-assignment-operators@^7.10.4", "@babel/plugin-syntax-logical-assignment-operators@^7.8.3":
    version "7.10.4"
    resolved "https://registry.npmjs.org/@babel/plugin-syntax-logical-assignment-operators/-/plugin-syntax-logical-assignment-operators-7.10.4.tgz"
    integrity sha512-d8waShlpFDinQ5MtvGU9xDAOzKH47+FFoney2baFIoMr952hKOLp1HR7VszoZvOsV/4+RRszNY7D17ba0te0ig==
    dependencies:
      "@babel/helper-plugin-utils" "^7.10.4"
  
  "@babel/plugin-syntax-nullish-coalescing-operator@^7.8.3":
    version "7.8.3"
    resolved "https://registry.npmjs.org/@babel/plugin-syntax-nullish-coalescing-operator/-/plugin-syntax-nullish-coalescing-operator-7.8.3.tgz"
    integrity sha512-aSff4zPII1u2QD7y+F8oDsz19ew4IGEJg9SVW+bqwpwtfFleiQDMdzA/R+UlWDzfnHFCxxleFT0PMIrR36XLNQ==
    dependencies:
      "@babel/helper-plugin-utils" "^7.8.0"
  
  "@babel/plugin-syntax-numeric-separator@^7.10.4", "@babel/plugin-syntax-numeric-separator@^7.8.3":
    version "7.10.4"
    resolved "https://registry.npmjs.org/@babel/plugin-syntax-numeric-separator/-/plugin-syntax-numeric-separator-7.10.4.tgz"
    integrity sha512-9H6YdfkcK/uOnY/K7/aA2xpzaAgkQn37yzWUMRK7OaPOqOpGS1+n0H5hxT9AUw9EsSjPW8SVyMJwYRtWs3X3ug==
    dependencies:
      "@babel/helper-plugin-utils" "^7.10.4"
  
  "@babel/plugin-syntax-object-rest-spread@^7.8.3":
    version "7.8.3"
    resolved "https://registry.npmjs.org/@babel/plugin-syntax-object-rest-spread/-/plugin-syntax-object-rest-spread-7.8.3.tgz"
    integrity sha512-XoqMijGZb9y3y2XskN+P1wUGiVwWZ5JmoDRwx5+3GmEplNyVM2s2Dg8ILFQm8rWM48orGy5YpI5Bl8U1y7ydlA==
    dependencies:
      "@babel/helper-plugin-utils" "^7.8.0"
  
  "@babel/plugin-syntax-optional-catch-binding@^7.8.3":
    version "7.8.3"
    resolved "https://registry.npmjs.org/@babel/plugin-syntax-optional-catch-binding/-/plugin-syntax-optional-catch-binding-7.8.3.tgz"
    integrity sha512-6VPD0Pc1lpTqw0aKoeRTMiB+kWhAoT24PA+ksWSBrFtl5SIRVpZlwN3NNPQjehA2E/91FV3RjLWoVTglWcSV3Q==
    dependencies:
      "@babel/helper-plugin-utils" "^7.8.0"
  
  "@babel/plugin-syntax-optional-chaining@^7.8.3":
    version "7.8.3"
    resolved "https://registry.npmjs.org/@babel/plugin-syntax-optional-chaining/-/plugin-syntax-optional-chaining-7.8.3.tgz"
    integrity sha512-KoK9ErH1MBlCPxV0VANkXW2/dw4vlbGDrFgz8bmUsBGYkFRcbRwMh6cIJubdPrkxRwuGdtCk0v/wPTKbQgBjkg==
    dependencies:
      "@babel/helper-plugin-utils" "^7.8.0"
  
  "@babel/plugin-syntax-private-property-in-object@^7.14.5":
    version "7.14.5"
    resolved "https://registry.npmjs.org/@babel/plugin-syntax-private-property-in-object/-/plugin-syntax-private-property-in-object-7.14.5.tgz"
    integrity sha512-0wVnp9dxJ72ZUJDV27ZfbSj6iHLoytYZmh3rFcxNnvsJF3ktkzLDZPy/mA17HGsaQT3/DQsWYX1f1QGWkCoVUg==
    dependencies:
      "@babel/helper-plugin-utils" "^7.14.5"
  
  "@babel/plugin-syntax-top-level-await@^7.14.5", "@babel/plugin-syntax-top-level-await@^7.8.3":
    version "7.14.5"
    resolved "https://registry.npmjs.org/@babel/plugin-syntax-top-level-await/-/plugin-syntax-top-level-await-7.14.5.tgz"
    integrity sha512-hx++upLv5U1rgYfwe1xBQUhRmU41NEvpUvrp8jkrSCdvGSnM5/qdRMtylJ6PG5OFkBaHkbTAKTnd3/YyESRHFw==
    dependencies:
      "@babel/helper-plugin-utils" "^7.14.5"
  
  "@babel/plugin-syntax-typescript@^7.16.7", "@babel/plugin-syntax-typescript@^7.7.2":
    version "7.16.7"
    resolved "https://registry.npmjs.org/@babel/plugin-syntax-typescript/-/plugin-syntax-typescript-7.16.7.tgz"
    integrity sha512-YhUIJHHGkqPgEcMYkPCKTyGUdoGKWtopIycQyjJH8OjvRgOYsXsaKehLVPScKJWAULPxMa4N1vCe6szREFlZ7A==
    dependencies:
      "@babel/helper-plugin-utils" "^7.16.7"
  
  "@babel/plugin-transform-arrow-functions@^7.16.7":
    version "7.16.7"
    resolved "https://registry.npmjs.org/@babel/plugin-transform-arrow-functions/-/plugin-transform-arrow-functions-7.16.7.tgz"
    integrity sha512-9ffkFFMbvzTvv+7dTp/66xvZAWASuPD5Tl9LK3Z9vhOmANo6j94rik+5YMBt4CwHVMWLWpMsriIc2zsa3WW3xQ==
    dependencies:
      "@babel/helper-plugin-utils" "^7.16.7"
  
  "@babel/plugin-transform-async-to-generator@^7.16.8":
    version "7.16.8"
    resolved "https://registry.npmjs.org/@babel/plugin-transform-async-to-generator/-/plugin-transform-async-to-generator-7.16.8.tgz"
    integrity sha512-MtmUmTJQHCnyJVrScNzNlofQJ3dLFuobYn3mwOTKHnSCMtbNsqvF71GQmJfFjdrXSsAA7iysFmYWw4bXZ20hOg==
    dependencies:
      "@babel/helper-module-imports" "^7.16.7"
      "@babel/helper-plugin-utils" "^7.16.7"
      "@babel/helper-remap-async-to-generator" "^7.16.8"
  
  "@babel/plugin-transform-block-scoped-functions@^7.16.7":
    version "7.16.7"
    resolved "https://registry.npmjs.org/@babel/plugin-transform-block-scoped-functions/-/plugin-transform-block-scoped-functions-7.16.7.tgz"
    integrity sha512-JUuzlzmF40Z9cXyytcbZEZKckgrQzChbQJw